2021-07-17 15:53:07,185 INFO o.a.j.u.JMeterUtils: Setting Locale to en_EN
2021-07-17 15:53:07,217 INFO o.a.j.JMeter: Loading user properties from: D:\apache-jmeter-5.4.1\bin\user.properties
2021-07-17 15:53:07,227 INFO o.a.j.JMeter: Loading system properties from: D:\apache-jmeter-5.4.1\bin\system.properties
2021-07-17 15:53:07,245 INFO o.a.j.JMeter: Copyright (c) 1998-2021 The Apache Software Foundation
2021-07-17 15:53:07,245 INFO o.a.j.JMeter: Version 5.4.1
2021-07-17 15:53:07,245 INFO o.a.j.JMeter: java.version=1.8.0_291
2021-07-17 15:53:07,245 INFO o.a.j.JMeter: java.vm.name=Java HotSpot(TM) 64-Bit Server VM
2021-07-17 15:53:07,245 INFO o.a.j.JMeter: os.name=Windows 10
2021-07-17 15:53:07,245 INFO o.a.j.JMeter: os.arch=amd64
2021-07-17 15:53:07,245 INFO o.a.j.JMeter: os.version=10.0
2021-07-17 15:53:07,245 INFO o.a.j.JMeter: file.encoding=GBK
2021-07-17 15:53:07,246 INFO o.a.j.JMeter: java.awt.headless=null
2021-07-17 15:53:07,246 INFO o.a.j.JMeter: Max memory     =1073741824
2021-07-17 15:53:07,246 INFO o.a.j.JMeter: Available Processors =8
2021-07-17 15:53:07,261 INFO o.a.j.JMeter: Default Locale=English (EN)
2021-07-17 15:53:07,261 INFO o.a.j.JMeter: JMeter  Locale=English (EN)
2021-07-17 15:53:07,261 INFO o.a.j.JMeter: JMeterHome=D:\apache-jmeter-5.4.1
2021-07-17 15:53:07,262 INFO o.a.j.JMeter: user.dir  =D:\level\levelnetty
2021-07-17 15:53:07,262 INFO o.a.j.JMeter: PWD       =D:\level\levelnetty
2021-07-17 15:53:07,264 INFO o.a.j.JMeter: IP: 192.168.31.45 Name: LAPTOP-89V3AJKL FullName: host.docker.internal
2021-07-17 15:53:07,532 INFO o.a.j.JMeter: Setting LAF to: com.github.weisj.darklaf.DarkLaf:com.github.weisj.darklaf.theme.DarculaTheme
2021-07-17 15:53:09,364 INFO o.a.j.JMeter: Loaded icon properties from org/apache/jmeter/images/icon.properties
2021-07-17 15:53:22,922 INFO o.a.j.s.FileServer: Default base='D:\level\levelnetty'
2021-07-17 15:53:22,925 INFO o.a.j.g.a.Load: Loading file: D:\level\levelnetty\HTTP Request.jmx
2021-07-17 15:53:22,925 INFO o.a.j.s.FileServer: Set new base='D:\level\levelnetty'
2021-07-17 15:53:23,072 INFO o.a.j.s.SaveService: Testplan (JMX) version: 2.2. Testlog (JTL) version: 2.2
2021-07-17 15:53:23,101 INFO o.a.j.s.SaveService: Using SaveService properties file encoding UTF-8
2021-07-17 15:53:23,102 INFO o.a.j.s.SaveService: Using SaveService properties version 5.0
2021-07-17 15:53:23,104 INFO o.a.j.s.SaveService: Loading file: D:\level\levelnetty\HTTP Request.jmx
2021-07-17 15:53:23,135 INFO o.a.j.p.h.s.HTTPSamplerBase: Parser for text/html is org.apache.jmeter.protocol.http.parser.LagartoBasedHtmlParser
2021-07-17 15:53:23,135 INFO o.a.j.p.h.s.HTTPSamplerBase: Parser for application/xhtml+xml is org.apache.jmeter.protocol.http.parser.LagartoBasedHtmlParser
2021-07-17 15:53:23,135 INFO o.a.j.p.h.s.HTTPSamplerBase: Parser for application/xml is org.apache.jmeter.protocol.http.parser.LagartoBasedHtmlParser
2021-07-17 15:53:23,135 INFO o.a.j.p.h.s.HTTPSamplerBase: Parser for text/xml is org.apache.jmeter.protocol.http.parser.LagartoBasedHtmlParser
2021-07-17 15:53:23,135 INFO o.a.j.p.h.s.HTTPSamplerBase: Parser for text/vnd.wap.wml is org.apache.jmeter.protocol.http.parser.RegexpHTMLParser
2021-07-17 15:53:23,135 INFO o.a.j.p.h.s.HTTPSamplerBase: Parser for text/css is org.apache.jmeter.protocol.http.parser.CssParser
2021-07-17 15:53:23,285 INFO o.a.j.s.FileServer: Set new base='D:\level\levelnetty'
2021-07-17 21:13:47,309 INFO o.a.j.e.StandardJMeterEngine: Running the test!
2021-07-17 21:13:47,312 INFO o.a.j.s.SampleEvent: List of sample_variables: []
2021-07-17 21:13:47,312 INFO o.a.j.s.SampleEvent: List of sample_variables: []
2021-07-17 21:13:47,314 INFO o.a.j.e.u.CompoundVariable: Note: Function class names must contain the string: '.functions.'
2021-07-17 21:13:47,314 INFO o.a.j.e.u.CompoundVariable: Note: Function class names must not contain the string: '.gui.'
2021-07-17 21:13:47,592 INFO o.a.j.g.u.JMeterMenuBar: setRunning(true, *local*)
2021-07-17 21:13:47,619 INFO o.a.j.e.StandardJMeterEngine: Starting ThreadGroup: 1 : Thread Group
2021-07-17 21:13:47,619 INFO o.a.j.e.StandardJMeterEngine: Starting 1 threads for group Thread Group.
2021-07-17 21:13:47,619 INFO o.a.j.e.StandardJMeterEngine: Thread will continue on error
2021-07-17 21:13:47,619 INFO o.a.j.t.ThreadGroup: Starting thread group... number=1 threads=1 ramp-up=1 delayedStart=false
2021-07-17 21:13:47,624 INFO o.a.j.t.ThreadGroup: Started thread group number 1
2021-07-17 21:13:47,625 INFO o.a.j.e.StandardJMeterEngine: All thread groups have been started
2021-07-17 21:13:47,626 INFO o.a.j.t.JMeterThread: Thread started: Thread Group 1-1
2021-07-17 21:13:47,651 INFO o.a.j.p.h.s.HTTPHCAbstractImpl: Local host = LAPTOP-89V3AJKL
2021-07-17 21:13:47,665 INFO o.a.j.p.h.s.HTTPHC4Impl: HTTP request retry count = 0
2021-07-17 21:13:47,675 INFO o.a.j.s.SampleResult: Note: Sample TimeStamps are START times
2021-07-17 21:13:47,675 INFO o.a.j.s.SampleResult: sampleresult.default.encoding is set to ISO-8859-1
2021-07-17 21:13:47,675 INFO o.a.j.s.SampleResult: sampleresult.useNanoTime=true
2021-07-17 21:13:47,676 INFO o.a.j.s.SampleResult: sampleresult.nanoThreadSleep=5000
2021-07-17 21:22:06,162 INFO o.a.j.t.JMeterThread: Thread is done: Thread Group 1-1
2021-07-17 21:22:06,162 INFO o.a.j.t.JMeterThread: Thread finished: Thread Group 1-1
2021-07-17 21:22:06,163 INFO o.a.j.e.StandardJMeterEngine: Notifying test listeners of end of test
2021-07-17 21:22:06,164 INFO o.a.j.g.u.JMeterMenuBar: setRunning(false, *local*)
2021-07-17 21:30:13,427 INFO o.a.j.e.StandardJMeterEngine: Running the test!
2021-07-17 21:30:13,428 INFO o.a.j.s.SampleEvent: List of sample_variables: []
2021-07-17 21:30:13,430 INFO o.a.j.g.u.JMeterMenuBar: setRunning(true, *local*)
2021-07-17 21:30:13,541 INFO o.a.j.e.StandardJMeterEngine: Starting ThreadGroup: 1 : Thread Group
2021-07-17 21:30:13,542 INFO o.a.j.e.StandardJMeterEngine: Starting 1 threads for group Thread Group.
2021-07-17 21:30:13,542 INFO o.a.j.e.StandardJMeterEngine: Thread will continue on error
2021-07-17 21:30:13,542 INFO o.a.j.t.ThreadGroup: Starting thread group... number=1 threads=1 ramp-up=1 delayedStart=false
2021-07-17 21:30:13,542 INFO o.a.j.t.ThreadGroup: Started thread group number 1
2021-07-17 21:30:13,542 INFO o.a.j.e.StandardJMeterEngine: All thread groups have been started
2021-07-17 21:30:13,543 INFO o.a.j.t.JMeterThread: Thread started: Thread Group 1-1
2021-07-17 21:31:24,833 INFO o.a.j.t.JMeterThread: Thread is done: Thread Group 1-1
2021-07-17 21:31:24,833 INFO o.a.j.t.JMeterThread: Thread finished: Thread Group 1-1
2021-07-17 21:31:24,833 INFO o.a.j.e.StandardJMeterEngine: Notifying test listeners of end of test
2021-07-17 21:31:24,834 INFO o.a.j.g.u.JMeterMenuBar: setRunning(false, *local*)
2021-07-17 21:38:15,821 INFO o.a.j.e.StandardJMeterEngine: Running the test!
2021-07-17 21:38:15,822 INFO o.a.j.s.SampleEvent: List of sample_variables: []
2021-07-17 21:38:15,822 INFO o.a.j.g.u.JMeterMenuBar: setRunning(true, *local*)
2021-07-17 21:38:15,880 INFO o.a.j.e.StandardJMeterEngine: Starting ThreadGroup: 1 : Thread Group
2021-07-17 21:38:15,880 INFO o.a.j.e.StandardJMeterEngine: Starting 1 threads for group Thread Group.
2021-07-17 21:38:15,881 INFO o.a.j.e.StandardJMeterEngine: Thread will continue on error
2021-07-17 21:38:15,881 INFO o.a.j.t.ThreadGroup: Starting thread group... number=1 threads=1 ramp-up=1 delayedStart=false
2021-07-17 21:38:15,881 INFO o.a.j.t.ThreadGroup: Started thread group number 1
2021-07-17 21:38:15,881 INFO o.a.j.e.StandardJMeterEngine: All thread groups have been started
2021-07-17 21:38:15,882 INFO o.a.j.t.JMeterThread: Thread started: Thread Group 1-1
2021-07-17 21:41:11,404 INFO o.a.j.t.JMeterThread: Thread is done: Thread Group 1-1
2021-07-17 21:41:11,404 INFO o.a.j.t.JMeterThread: Thread finished: Thread Group 1-1
2021-07-17 21:41:11,404 INFO o.a.j.e.StandardJMeterEngine: Notifying test listeners of end of test
2021-07-17 21:41:11,404 INFO o.a.j.g.u.JMeterMenuBar: setRunning(false, *local*)
2021-07-17 21:41:41,319 INFO o.a.j.e.StandardJMeterEngine: Running the test!
2021-07-17 21:41:41,319 INFO o.a.j.s.SampleEvent: List of sample_variables: []
2021-07-17 21:41:41,321 INFO o.a.j.g.u.JMeterMenuBar: setRunning(true, *local*)
2021-07-17 21:41:41,377 INFO o.a.j.e.StandardJMeterEngine: Starting ThreadGroup: 1 : Thread Group
2021-07-17 21:41:41,378 INFO o.a.j.e.StandardJMeterEngine: Starting 1 threads for group Thread Group.
2021-07-17 21:41:41,378 INFO o.a.j.e.StandardJMeterEngine: Thread will continue on error
2021-07-17 21:41:41,378 INFO o.a.j.t.ThreadGroup: Starting thread group... number=1 threads=1 ramp-up=1 delayedStart=false
2021-07-17 21:41:41,378 INFO o.a.j.t.ThreadGroup: Started thread group number 1
2021-07-17 21:41:41,378 INFO o.a.j.e.StandardJMeterEngine: All thread groups have been started
2021-07-17 21:41:41,379 INFO o.a.j.t.JMeterThread: Thread started: Thread Group 1-1
2021-07-17 21:43:58,366 INFO o.a.j.t.JMeterThread: Thread is done: Thread Group 1-1
2021-07-17 21:43:58,366 INFO o.a.j.t.JMeterThread: Thread finished: Thread Group 1-1
2021-07-17 21:43:58,367 INFO o.a.j.e.StandardJMeterEngine: Notifying test listeners of end of test
2021-07-17 21:43:58,367 INFO o.a.j.g.u.JMeterMenuBar: setRunning(false, *local*)
2021-07-17 21:44:30,243 INFO o.a.j.e.StandardJMeterEngine: Running the test!
2021-07-17 21:44:30,244 INFO o.a.j.s.SampleEvent: List of sample_variables: []
2021-07-17 21:44:30,246 INFO o.a.j.g.u.JMeterMenuBar: setRunning(true, *local*)
2021-07-17 21:44:30,248 INFO o.a.j.e.StandardJMeterEngine: Starting ThreadGroup: 1 : Thread Group
2021-07-17 21:44:30,248 INFO o.a.j.e.StandardJMeterEngine: Starting 1 threads for group Thread Group.
2021-07-17 21:44:30,248 INFO o.a.j.e.StandardJMeterEngine: Thread will continue on error
2021-07-17 21:44:30,248 INFO o.a.j.t.ThreadGroup: Starting thread group... number=1 threads=1 ramp-up=1 delayedStart=false
2021-07-17 21:44:30,248 INFO o.a.j.t.ThreadGroup: Started thread group number 1
2021-07-17 21:44:30,249 INFO o.a.j.e.StandardJMeterEngine: All thread groups have been started
2021-07-17 21:44:30,249 INFO o.a.j.t.JMeterThread: Thread started: Thread Group 1-1
2021-07-17 21:45:14,916 INFO o.a.j.t.JMeterThread: Thread is done: Thread Group 1-1
2021-07-17 21:45:14,916 INFO o.a.j.t.JMeterThread: Thread finished: Thread Group 1-1
2021-07-17 21:45:14,916 INFO o.a.j.e.StandardJMeterEngine: Notifying test listeners of end of test
2021-07-17 21:45:14,917 INFO o.a.j.g.u.JMeterMenuBar: setRunning(false, *local*)
2021-07-17 21:48:03,025 INFO o.a.j.e.StandardJMeterEngine: Running the test!
2021-07-17 21:48:03,025 INFO o.a.j.s.SampleEvent: List of sample_variables: []
2021-07-17 21:48:03,027 INFO o.a.j.g.u.JMeterMenuBar: setRunning(true, *local*)
2021-07-17 21:48:03,082 INFO o.a.j.e.StandardJMeterEngine: Starting ThreadGroup: 1 : Thread Group
2021-07-17 21:48:03,082 INFO o.a.j.e.StandardJMeterEngine: Starting 1 threads for group Thread Group.
2021-07-17 21:48:03,082 INFO o.a.j.e.StandardJMeterEngine: Thread will continue on error
2021-07-17 21:48:03,082 INFO o.a.j.t.ThreadGroup: Starting thread group... number=1 threads=1 ramp-up=1 delayedStart=false
2021-07-17 21:48:03,082 INFO o.a.j.t.ThreadGroup: Started thread group number 1
2021-07-17 21:48:03,082 INFO o.a.j.e.StandardJMeterEngine: All thread groups have been started
2021-07-17 21:48:03,083 INFO o.a.j.t.JMeterThread: Thread started: Thread Group 1-1
2021-07-17 21:49:33,166 INFO o.a.j.t.JMeterThread: Thread is done: Thread Group 1-1
2021-07-17 21:49:33,166 INFO o.a.j.t.JMeterThread: Thread finished: Thread Group 1-1
2021-07-17 21:49:33,166 INFO o.a.j.e.StandardJMeterEngine: Notifying test listeners of end of test
2021-07-17 21:49:33,167 INFO o.a.j.g.u.JMeterMenuBar: setRunning(false, *local*)
2021-07-17 21:49:41,908 INFO o.a.j.e.StandardJMeterEngine: Running the test!
2021-07-17 21:49:41,909 INFO o.a.j.s.SampleEvent: List of sample_variables: []
2021-07-17 21:49:41,911 INFO o.a.j.g.u.JMeterMenuBar: setRunning(true, *local*)
2021-07-17 21:49:41,958 INFO o.a.j.e.StandardJMeterEngine: Starting ThreadGroup: 1 : Thread Group
2021-07-17 21:49:41,958 INFO o.a.j.e.StandardJMeterEngine: Starting 1 threads for group Thread Group.
2021-07-17 21:49:41,958 INFO o.a.j.e.StandardJMeterEngine: Thread will continue on error
2021-07-17 21:49:41,958 INFO o.a.j.t.ThreadGroup: Starting thread group... number=1 threads=1 ramp-up=1 delayedStart=false
2021-07-17 21:49:41,958 INFO o.a.j.t.ThreadGroup: Started thread group number 1
2021-07-17 21:49:41,958 INFO o.a.j.e.StandardJMeterEngine: All thread groups have been started
2021-07-17 21:49:41,959 INFO o.a.j.t.JMeterThread: Thread started: Thread Group 1-1
2021-07-17 21:50:29,350 INFO o.a.j.t.JMeterThread: Thread is done: Thread Group 1-1
2021-07-17 21:50:29,350 INFO o.a.j.t.JMeterThread: Thread finished: Thread Group 1-1
2021-07-17 21:50:29,350 INFO o.a.j.e.StandardJMeterEngine: Notifying test listeners of end of test
2021-07-17 21:50:29,350 INFO o.a.j.g.u.JMeterMenuBar: setRunning(false, *local*)
2021-07-17 21:52:29,286 INFO o.a.j.e.StandardJMeterEngine: Running the test!
2021-07-17 21:52:29,286 INFO o.a.j.s.SampleEvent: List of sample_variables: []
2021-07-17 21:52:29,288 INFO o.a.j.g.u.JMeterMenuBar: setRunning(true, *local*)
2021-07-17 21:52:29,291 INFO o.a.j.e.StandardJMeterEngine: Starting ThreadGroup: 1 : Thread Group
2021-07-17 21:52:29,291 INFO o.a.j.e.StandardJMeterEngine: Starting 1 threads for group Thread Group.
2021-07-17 21:52:29,291 INFO o.a.j.e.StandardJMeterEngine: Thread will continue on error
2021-07-17 21:52:29,291 INFO o.a.j.t.ThreadGroup: Starting thread group... number=1 threads=1 ramp-up=1 delayedStart=false
2021-07-17 21:52:29,292 INFO o.a.j.t.ThreadGroup: Started thread group number 1
2021-07-17 21:52:29,292 INFO o.a.j.e.StandardJMeterEngine: All thread groups have been started
2021-07-17 21:52:29,292 INFO o.a.j.t.JMeterThread: Thread started: Thread Group 1-1
2021-07-17 21:54:55,560 INFO o.a.j.t.JMeterThread: Thread is done: Thread Group 1-1
2021-07-17 21:54:55,560 INFO o.a.j.t.JMeterThread: Thread finished: Thread Group 1-1
2021-07-17 21:54:55,561 INFO o.a.j.e.StandardJMeterEngine: Notifying test listeners of end of test
2021-07-17 21:54:55,561 INFO o.a.j.g.u.JMeterMenuBar: setRunning(false, *local*)
2021-07-17 21:55:32,075 INFO o.a.j.e.StandardJMeterEngine: Running the test!
2021-07-17 21:55:32,075 INFO o.a.j.s.SampleEvent: List of sample_variables: []
2021-07-17 21:55:32,076 INFO o.a.j.g.u.JMeterMenuBar: setRunning(true, *local*)
2021-07-17 21:55:32,127 INFO o.a.j.e.StandardJMeterEngine: Starting ThreadGroup: 1 : Thread Group
2021-07-17 21:55:32,128 INFO o.a.j.e.StandardJMeterEngine: Starting 1 threads for group Thread Group.
2021-07-17 21:55:32,128 INFO o.a.j.e.StandardJMeterEngine: Thread will continue on error
2021-07-17 21:55:32,128 INFO o.a.j.t.ThreadGroup: Starting thread group... number=1 threads=1 ramp-up=1 delayedStart=false
2021-07-17 21:55:32,128 INFO o.a.j.t.ThreadGroup: Started thread group number 1
2021-07-17 21:55:32,128 INFO o.a.j.e.StandardJMeterEngine: All thread groups have been started
2021-07-17 21:55:32,130 INFO o.a.j.t.JMeterThread: Thread started: Thread Group 1-1
2021-07-17 22:02:49,482 INFO o.a.j.t.JMeterThread: Thread is done: Thread Group 1-1
2021-07-17 22:02:49,482 INFO o.a.j.t.JMeterThread: Thread finished: Thread Group 1-1
2021-07-17 22:02:49,483 INFO o.a.j.e.StandardJMeterEngine: Notifying test listeners of end of test
2021-07-17 22:02:49,483 INFO o.a.j.g.u.JMeterMenuBar: setRunning(false, *local*)
2021-07-17 22:03:41,757 INFO o.a.j.e.StandardJMeterEngine: Running the test!
2021-07-17 22:03:41,758 INFO o.a.j.s.SampleEvent: List of sample_variables: []
2021-07-17 22:03:41,759 INFO o.a.j.g.u.JMeterMenuBar: setRunning(true, *local*)
2021-07-17 22:03:41,819 INFO o.a.j.e.StandardJMeterEngine: Starting ThreadGroup: 1 : Thread Group
2021-07-17 22:03:41,819 INFO o.a.j.e.StandardJMeterEngine: Starting 1 threads for group Thread Group.
2021-07-17 22:03:41,819 INFO o.a.j.e.StandardJMeterEngine: Thread will continue on error
2021-07-17 22:03:41,819 INFO o.a.j.t.ThreadGroup: Starting thread group... number=1 threads=1 ramp-up=1 delayedStart=false
2021-07-17 22:03:41,820 INFO o.a.j.t.ThreadGroup: Started thread group number 1
2021-07-17 22:03:41,820 INFO o.a.j.e.StandardJMeterEngine: All thread groups have been started
2021-07-17 22:03:41,821 INFO o.a.j.t.JMeterThread: Thread started: Thread Group 1-1
2021-07-17 22:03:41,827 INFO o.a.j.t.JMeterThread: Thread is done: Thread Group 1-1
2021-07-17 22:03:41,828 INFO o.a.j.t.JMeterThread: Thread finished: Thread Group 1-1
2021-07-17 22:03:41,828 INFO o.a.j.e.StandardJMeterEngine: Notifying test listeners of end of test
2021-07-17 22:03:41,828 INFO o.a.j.g.u.JMeterMenuBar: setRunning(false, *local*)
2021-07-17 22:03:54,328 INFO o.a.j.e.StandardJMeterEngine: Running the test!
2021-07-17 22:03:54,328 INFO o.a.j.s.SampleEvent: List of sample_variables: []
2021-07-17 22:03:54,329 INFO o.a.j.g.u.JMeterMenuBar: setRunning(true, *local*)
2021-07-17 22:03:54,381 INFO o.a.j.e.StandardJMeterEngine: Starting ThreadGroup: 1 : Thread Group
2021-07-17 22:03:54,381 INFO o.a.j.e.StandardJMeterEngine: Starting 1 threads for group Thread Group.
2021-07-17 22:03:54,381 INFO o.a.j.e.StandardJMeterEngine: Thread will continue on error
2021-07-17 22:03:54,381 INFO o.a.j.t.ThreadGroup: Starting thread group... number=1 threads=1 ramp-up=1 delayedStart=false
2021-07-17 22:03:54,381 INFO o.a.j.t.ThreadGroup: Started thread group number 1
2021-07-17 22:03:54,381 INFO o.a.j.e.StandardJMeterEngine: All thread groups have been started
2021-07-17 22:03:54,382 INFO o.a.j.t.JMeterThread: Thread started: Thread Group 1-1
2021-07-17 22:03:54,388 INFO o.a.j.t.JMeterThread: Thread is done: Thread Group 1-1
2021-07-17 22:03:54,388 INFO o.a.j.t.JMeterThread: Thread finished: Thread Group 1-1
2021-07-17 22:03:54,388 INFO o.a.j.e.StandardJMeterEngine: Notifying test listeners of end of test
2021-07-17 22:03:54,389 INFO o.a.j.g.u.JMeterMenuBar: setRunning(false, *local*)
2021-07-17 22:03:55,553 INFO o.a.j.e.StandardJMeterEngine: Running the test!
2021-07-17 22:03:55,554 INFO o.a.j.s.SampleEvent: List of sample_variables: []
2021-07-17 22:03:55,555 INFO o.a.j.g.u.JMeterMenuBar: setRunning(true, *local*)
2021-07-17 22:03:55,599 INFO o.a.j.e.StandardJMeterEngine: Starting ThreadGroup: 1 : Thread Group
2021-07-17 22:03:55,599 INFO o.a.j.e.StandardJMeterEngine: Starting 1 threads for group Thread Group.
2021-07-17 22:03:55,599 INFO o.a.j.e.StandardJMeterEngine: Thread will continue on error
2021-07-17 22:03:55,599 INFO o.a.j.t.ThreadGroup: Starting thread group... number=1 threads=1 ramp-up=1 delayedStart=false
2021-07-17 22:03:55,600 INFO o.a.j.t.ThreadGroup: Started thread group number 1
2021-07-17 22:03:55,600 INFO o.a.j.e.StandardJMeterEngine: All thread groups have been started
2021-07-17 22:03:55,600 INFO o.a.j.t.JMeterThread: Thread started: Thread Group 1-1
2021-07-17 22:03:55,606 INFO o.a.j.t.JMeterThread: Thread is done: Thread Group 1-1
2021-07-17 22:03:55,606 INFO o.a.j.t.JMeterThread: Thread finished: Thread Group 1-1
2021-07-17 22:03:55,606 INFO o.a.j.e.StandardJMeterEngine: Notifying test listeners of end of test
2021-07-17 22:03:55,606 INFO o.a.j.g.u.JMeterMenuBar: setRunning(false, *local*)
2021-07-17 22:04:06,884 INFO o.a.j.e.StandardJMeterEngine: Running the test!
2021-07-17 22:04:06,884 INFO o.a.j.s.SampleEvent: List of sample_variables: []
2021-07-17 22:04:06,885 INFO o.a.j.g.u.JMeterMenuBar: setRunning(true, *local*)
2021-07-17 22:04:06,888 INFO o.a.j.e.StandardJMeterEngine: Starting ThreadGroup: 1 : Thread Group
2021-07-17 22:04:06,888 INFO o.a.j.e.StandardJMeterEngine: Starting 1 threads for group Thread Group.
2021-07-17 22:04:06,888 INFO o.a.j.e.StandardJMeterEngine: Thread will continue on error
2021-07-17 22:04:06,888 INFO o.a.j.t.ThreadGroup: Starting thread group... number=1 threads=1 ramp-up=1 delayedStart=false
2021-07-17 22:04:06,888 INFO o.a.j.t.ThreadGroup: Started thread group number 1
2021-07-17 22:04:06,888 INFO o.a.j.e.StandardJMeterEngine: All thread groups have been started
2021-07-17 22:04:06,889 INFO o.a.j.t.JMeterThread: Thread started: Thread Group 1-1
2021-07-17 22:04:06,894 INFO o.a.j.t.JMeterThread: Thread is done: Thread Group 1-1
2021-07-17 22:04:06,894 INFO o.a.j.t.JMeterThread: Thread finished: Thread Group 1-1
2021-07-17 22:04:06,895 INFO o.a.j.e.StandardJMeterEngine: Notifying test listeners of end of test
2021-07-17 22:04:06,895 INFO o.a.j.g.u.JMeterMenuBar: setRunning(false, *local*)
2021-07-17 22:04:07,919 INFO o.a.j.e.StandardJMeterEngine: Running the test!
2021-07-17 22:04:07,919 INFO o.a.j.s.SampleEvent: List of sample_variables: []
2021-07-17 22:04:07,920 INFO o.a.j.g.u.JMeterMenuBar: setRunning(true, *local*)
2021-07-17 22:04:07,923 INFO o.a.j.e.StandardJMeterEngine: Starting ThreadGroup: 1 : Thread Group
2021-07-17 22:04:07,923 INFO o.a.j.e.StandardJMeterEngine: Starting 1 threads for group Thread Group.
2021-07-17 22:04:07,923 INFO o.a.j.e.StandardJMeterEngine: Thread will continue on error
2021-07-17 22:04:07,923 INFO o.a.j.t.ThreadGroup: Starting thread group... number=1 threads=1 ramp-up=1 delayedStart=false
2021-07-17 22:04:07,923 INFO o.a.j.t.ThreadGroup: Started thread group number 1
2021-07-17 22:04:07,924 INFO o.a.j.e.StandardJMeterEngine: All thread groups have been started
2021-07-17 22:04:07,924 INFO o.a.j.t.JMeterThread: Thread started: Thread Group 1-1
2021-07-17 22:04:07,950 INFO o.a.j.t.JMeterThread: Thread is done: Thread Group 1-1
2021-07-17 22:04:07,950 INFO o.a.j.t.JMeterThread: Thread finished: Thread Group 1-1
2021-07-17 22:04:07,951 INFO o.a.j.e.StandardJMeterEngine: Notifying test listeners of end of test
2021-07-17 22:04:07,951 INFO o.a.j.g.u.JMeterMenuBar: setRunning(false, *local*)
2021-07-17 22:04:08,121 INFO o.a.j.e.StandardJMeterEngine: Running the test!
2021-07-17 22:04:08,121 INFO o.a.j.s.SampleEvent: List of sample_variables: []
2021-07-17 22:04:08,122 INFO o.a.j.g.u.JMeterMenuBar: setRunning(true, *local*)
2021-07-17 22:04:08,125 INFO o.a.j.e.StandardJMeterEngine: Starting ThreadGroup: 1 : Thread Group
2021-07-17 22:04:08,125 INFO o.a.j.e.StandardJMeterEngine: Starting 1 threads for group Thread Group.
2021-07-17 22:04:08,125 INFO o.a.j.e.StandardJMeterEngine: Thread will continue on error
2021-07-17 22:04:08,125 INFO o.a.j.t.ThreadGroup: Starting thread group... number=1 threads=1 ramp-up=1 delayedStart=false
2021-07-17 22:04:08,125 INFO o.a.j.t.ThreadGroup: Started thread group number 1
2021-07-17 22:04:08,125 INFO o.a.j.e.StandardJMeterEngine: All thread groups have been started
2021-07-17 22:04:08,125 INFO o.a.j.t.JMeterThread: Thread started: Thread Group 1-1
2021-07-17 22:04:08,135 INFO o.a.j.t.JMeterThread: Thread is done: Thread Group 1-1
2021-07-17 22:04:08,135 INFO o.a.j.t.JMeterThread: Thread finished: Thread Group 1-1
2021-07-17 22:04:08,135 INFO o.a.j.e.StandardJMeterEngine: Notifying test listeners of end of test
2021-07-17 22:04:08,135 INFO o.a.j.g.u.JMeterMenuBar: setRunning(false, *local*)
2021-07-17 22:04:26,481 INFO o.a.j.e.StandardJMeterEngine: Running the test!
2021-07-17 22:04:26,481 INFO o.a.j.s.SampleEvent: List of sample_variables: []
2021-07-17 22:04:26,482 INFO o.a.j.g.u.JMeterMenuBar: setRunning(true, *local*)
2021-07-17 22:04:26,484 INFO o.a.j.e.StandardJMeterEngine: Starting ThreadGroup: 1 : Thread Group
2021-07-17 22:04:26,484 INFO o.a.j.e.StandardJMeterEngine: Starting 1 threads for group Thread Group.
2021-07-17 22:04:26,484 INFO o.a.j.e.StandardJMeterEngine: Thread will continue on error
2021-07-17 22:04:26,484 INFO o.a.j.t.ThreadGroup: Starting thread group... number=1 threads=1 ramp-up=1 delayedStart=false
2021-07-17 22:04:26,484 INFO o.a.j.t.ThreadGroup: Started thread group number 1
2021-07-17 22:04:26,484 INFO o.a.j.e.StandardJMeterEngine: All thread groups have been started
2021-07-17 22:04:26,485 INFO o.a.j.t.JMeterThread: Thread started: Thread Group 1-1
2021-07-17 22:04:26,491 INFO o.a.j.t.JMeterThread: Thread is done: Thread Group 1-1
2021-07-17 22:04:26,491 INFO o.a.j.t.JMeterThread: Thread finished: Thread Group 1-1
2021-07-17 22:04:26,491 INFO o.a.j.e.StandardJMeterEngine: Notifying test listeners of end of test
2021-07-17 22:04:26,491 INFO o.a.j.g.u.JMeterMenuBar: setRunning(false, *local*)
2021-07-17 22:04:27,098 INFO o.a.j.e.StandardJMeterEngine: Running the test!
2021-07-17 22:04:27,099 INFO o.a.j.s.SampleEvent: List of sample_variables: []
2021-07-17 22:04:27,099 INFO o.a.j.g.u.JMeterMenuBar: setRunning(true, *local*)
2021-07-17 22:04:27,103 INFO o.a.j.e.StandardJMeterEngine: Starting ThreadGroup: 1 : Thread Group
2021-07-17 22:04:27,103 INFO o.a.j.e.StandardJMeterEngine: Starting 1 threads for group Thread Group.
2021-07-17 22:04:27,103 INFO o.a.j.e.StandardJMeterEngine: Thread will continue on error
2021-07-17 22:04:27,103 INFO o.a.j.t.ThreadGroup: Starting thread group... number=1 threads=1 ramp-up=1 delayedStart=false
2021-07-17 22:04:27,103 INFO o.a.j.t.ThreadGroup: Started thread group number 1
2021-07-17 22:04:27,103 INFO o.a.j.e.StandardJMeterEngine: All thread groups have been started
2021-07-17 22:04:27,103 INFO o.a.j.t.JMeterThread: Thread started: Thread Group 1-1
2021-07-17 22:04:27,109 INFO o.a.j.t.JMeterThread: Thread is done: Thread Group 1-1
2021-07-17 22:04:27,109 INFO o.a.j.t.JMeterThread: Thread finished: Thread Group 1-1
2021-07-17 22:04:27,109 INFO o.a.j.e.StandardJMeterEngine: Notifying test listeners of end of test
2021-07-17 22:04:27,109 INFO o.a.j.g.u.JMeterMenuBar: setRunning(false, *local*)
2021-07-17 22:04:27,309 INFO o.a.j.e.StandardJMeterEngine: Running the test!
2021-07-17 22:04:27,309 INFO o.a.j.s.SampleEvent: List of sample_variables: []
2021-07-17 22:04:27,309 INFO o.a.j.g.u.JMeterMenuBar: setRunning(true, *local*)
2021-07-17 22:04:27,356 INFO o.a.j.e.StandardJMeterEngine: Starting ThreadGroup: 1 : Thread Group
2021-07-17 22:04:27,356 INFO o.a.j.e.StandardJMeterEngine: Starting 1 threads for group Thread Group.
2021-07-17 22:04:27,356 INFO o.a.j.e.StandardJMeterEngine: Thread will continue on error
2021-07-17 22:04:27,356 INFO o.a.j.t.ThreadGroup: Starting thread group... number=1 threads=1 ramp-up=1 delayedStart=false
2021-07-17 22:04:27,357 INFO o.a.j.t.ThreadGroup: Started thread group number 1
2021-07-17 22:04:27,357 INFO o.a.j.e.StandardJMeterEngine: All thread groups have been started
2021-07-17 22:04:27,357 INFO o.a.j.t.JMeterThread: Thread started: Thread Group 1-1
2021-07-17 22:04:27,362 INFO o.a.j.t.JMeterThread: Thread is done: Thread Group 1-1
2021-07-17 22:04:27,362 INFO o.a.j.t.JMeterThread: Thread finished: Thread Group 1-1
2021-07-17 22:04:27,362 INFO o.a.j.e.StandardJMeterEngine: Notifying test listeners of end of test
2021-07-17 22:04:27,363 INFO o.a.j.g.u.JMeterMenuBar: setRunning(false, *local*)
2021-07-17 22:04:27,484 INFO o.a.j.e.StandardJMeterEngine: Running the test!
2021-07-17 22:04:27,485 INFO o.a.j.s.SampleEvent: List of sample_variables: []
2021-07-17 22:04:27,485 INFO o.a.j.g.u.JMeterMenuBar: setRunning(true, *local*)
2021-07-17 22:04:27,531 INFO o.a.j.e.StandardJMeterEngine: Starting ThreadGroup: 1 : Thread Group
2021-07-17 22:04:27,531 INFO o.a.j.e.StandardJMeterEngine: Starting 1 threads for group Thread Group.
2021-07-17 22:04:27,531 INFO o.a.j.e.StandardJMeterEngine: Thread will continue on error
2021-07-17 22:04:27,531 INFO o.a.j.t.ThreadGroup: Starting thread group... number=1 threads=1 ramp-up=1 delayedStart=false
2021-07-17 22:04:27,531 INFO o.a.j.t.ThreadGroup: Started thread group number 1
2021-07-17 22:04:27,531 INFO o.a.j.e.StandardJMeterEngine: All thread groups have been started
2021-07-17 22:04:27,532 INFO o.a.j.t.JMeterThread: Thread started: Thread Group 1-1
2021-07-17 22:04:27,536 INFO o.a.j.t.JMeterThread: Thread is done: Thread Group 1-1
2021-07-17 22:04:27,536 INFO o.a.j.t.JMeterThread: Thread finished: Thread Group 1-1
2021-07-17 22:04:27,537 INFO o.a.j.e.StandardJMeterEngine: Notifying test listeners of end of test
2021-07-17 22:04:27,537 INFO o.a.j.g.u.JMeterMenuBar: setRunning(false, *local*)
2021-07-17 22:04:29,383 INFO o.a.j.e.StandardJMeterEngine: Running the test!
2021-07-17 22:04:29,384 INFO o.a.j.s.SampleEvent: List of sample_variables: []
2021-07-17 22:04:29,384 INFO o.a.j.g.u.JMeterMenuBar: setRunning(true, *local*)
2021-07-17 22:04:29,429 INFO o.a.j.e.StandardJMeterEngine: Starting ThreadGroup: 1 : Thread Group
2021-07-17 22:04:29,429 INFO o.a.j.e.StandardJMeterEngine: Starting 1 threads for group Thread Group.
2021-07-17 22:04:29,429 INFO o.a.j.e.StandardJMeterEngine: Thread will continue on error
2021-07-17 22:04:29,429 INFO o.a.j.t.ThreadGroup: Starting thread group... number=1 threads=1 ramp-up=1 delayedStart=false
2021-07-17 22:04:29,429 INFO o.a.j.t.ThreadGroup: Started thread group number 1
2021-07-17 22:04:29,430 INFO o.a.j.e.StandardJMeterEngine: All thread groups have been started
2021-07-17 22:04:29,430 INFO o.a.j.t.JMeterThread: Thread started: Thread Group 1-1
2021-07-17 22:04:29,434 INFO o.a.j.t.JMeterThread: Thread is done: Thread Group 1-1
2021-07-17 22:04:29,434 INFO o.a.j.t.JMeterThread: Thread finished: Thread Group 1-1
2021-07-17 22:04:29,434 INFO o.a.j.e.StandardJMeterEngine: Notifying test listeners of end of test
2021-07-17 22:04:29,434 INFO o.a.j.g.u.JMeterMenuBar: setRunning(false, *local*)
2021-07-17 22:04:31,363 INFO o.a.j.e.StandardJMeterEngine: Running the test!
2021-07-17 22:04:31,364 INFO o.a.j.s.SampleEvent: List of sample_variables: []
2021-07-17 22:04:31,364 INFO o.a.j.g.u.JMeterMenuBar: setRunning(true, *local*)
2021-07-17 22:04:31,409 INFO o.a.j.e.StandardJMeterEngine: Starting ThreadGroup: 1 : Thread Group
2021-07-17 22:04:31,410 INFO o.a.j.e.StandardJMeterEngine: Starting 1 threads for group Thread Group.
2021-07-17 22:04:31,410 INFO o.a.j.e.StandardJMeterEngine: Thread will continue on error
2021-07-17 22:04:31,410 INFO o.a.j.t.ThreadGroup: Starting thread group... number=1 threads=1 ramp-up=1 delayedStart=false
2021-07-17 22:04:31,410 INFO o.a.j.t.ThreadGroup: Started thread group number 1
2021-07-17 22:04:31,410 INFO o.a.j.e.StandardJMeterEngine: All thread groups have been started
2021-07-17 22:04:31,410 INFO o.a.j.t.JMeterThread: Thread started: Thread Group 1-1
2021-07-17 22:04:31,416 INFO o.a.j.t.JMeterThread: Thread is done: Thread Group 1-1
2021-07-17 22:04:31,416 INFO o.a.j.t.JMeterThread: Thread finished: Thread Group 1-1
2021-07-17 22:04:31,416 INFO o.a.j.e.StandardJMeterEngine: Notifying test listeners of end of test
2021-07-17 22:04:31,416 INFO o.a.j.g.u.JMeterMenuBar: setRunning(false, *local*)
2021-07-17 22:04:35,123 INFO o.a.j.e.StandardJMeterEngine: Running the test!
2021-07-17 22:04:35,123 INFO o.a.j.s.SampleEvent: List of sample_variables: []
2021-07-17 22:04:35,124 INFO o.a.j.g.u.JMeterMenuBar: setRunning(true, *local*)
2021-07-17 22:04:35,170 INFO o.a.j.e.StandardJMeterEngine: Starting ThreadGroup: 1 : Thread Group
2021-07-17 22:04:35,171 INFO o.a.j.e.StandardJMeterEngine: Starting 1 threads for group Thread Group.
2021-07-17 22:04:35,171 INFO o.a.j.e.StandardJMeterEngine: Thread will continue on error
2021-07-17 22:04:35,171 INFO o.a.j.t.ThreadGroup: Starting thread group... number=1 threads=1 ramp-up=1 delayedStart=false
2021-07-17 22:04:35,171 INFO o.a.j.t.ThreadGroup: Started thread group number 1
2021-07-17 22:04:35,171 INFO o.a.j.e.StandardJMeterEngine: All thread groups have been started
2021-07-17 22:04:35,171 INFO o.a.j.t.JMeterThread: Thread started: Thread Group 1-1
2021-07-17 22:04:35,176 INFO o.a.j.t.JMeterThread: Thread is done: Thread Group 1-1
2021-07-17 22:04:35,176 INFO o.a.j.t.JMeterThread: Thread finished: Thread Group 1-1
2021-07-17 22:04:35,176 INFO o.a.j.e.StandardJMeterEngine: Notifying test listeners of end of test
2021-07-17 22:04:35,176 INFO o.a.j.g.u.JMeterMenuBar: setRunning(false, *local*)
2021-07-17 22:04:36,121 INFO o.a.j.e.StandardJMeterEngine: Running the test!
2021-07-17 22:04:36,122 INFO o.a.j.s.SampleEvent: List of sample_variables: []
2021-07-17 22:04:36,122 INFO o.a.j.g.u.JMeterMenuBar: setRunning(true, *local*)
2021-07-17 22:04:36,171 INFO o.a.j.e.StandardJMeterEngine: Starting ThreadGroup: 1 : Thread Group
2021-07-17 22:04:36,171 INFO o.a.j.e.StandardJMeterEngine: Starting 1 threads for group Thread Group.
2021-07-17 22:04:36,171 INFO o.a.j.e.StandardJMeterEngine: Thread will continue on error
2021-07-17 22:04:36,172 INFO o.a.j.t.ThreadGroup: Starting thread group... number=1 threads=1 ramp-up=1 delayedStart=false
2021-07-17 22:04:36,172 INFO o.a.j.t.ThreadGroup: Started thread group number 1
2021-07-17 22:04:36,172 INFO o.a.j.e.StandardJMeterEngine: All thread groups have been started
2021-07-17 22:04:36,172 INFO o.a.j.t.JMeterThread: Thread started: Thread Group 1-1
2021-07-17 22:04:36,178 INFO o.a.j.t.JMeterThread: Thread is done: Thread Group 1-1
2021-07-17 22:04:36,178 INFO o.a.j.t.JMeterThread: Thread finished: Thread Group 1-1
2021-07-17 22:04:36,178 INFO o.a.j.e.StandardJMeterEngine: Notifying test listeners of end of test
2021-07-17 22:04:36,178 INFO o.a.j.g.u.JMeterMenuBar: setRunning(false, *local*)
2021-07-17 22:08:38,189 INFO o.a.j.e.StandardJMeterEngine: Running the test!
2021-07-17 22:08:38,189 INFO o.a.j.s.SampleEvent: List of sample_variables: []
2021-07-17 22:08:38,190 INFO o.a.j.g.u.JMeterMenuBar: setRunning(true, *local*)
2021-07-17 22:08:38,240 INFO o.a.j.e.StandardJMeterEngine: Starting ThreadGroup: 1 : Thread Group
2021-07-17 22:08:38,240 INFO o.a.j.e.StandardJMeterEngine: Starting 1 threads for group Thread Group.
2021-07-17 22:08:38,240 INFO o.a.j.e.StandardJMeterEngine: Thread will continue on error
2021-07-17 22:08:38,240 INFO o.a.j.t.ThreadGroup: Starting thread group... number=1 threads=1 ramp-up=1 delayedStart=false
2021-07-17 22:08:38,241 INFO o.a.j.t.ThreadGroup: Started thread group number 1
2021-07-17 22:08:38,241 INFO o.a.j.e.StandardJMeterEngine: All thread groups have been started
2021-07-17 22:08:38,241 INFO o.a.j.t.JMeterThread: Thread started: Thread Group 1-1
2021-07-17 22:11:03,838 INFO o.a.j.t.JMeterThread: Thread is done: Thread Group 1-1
2021-07-17 22:11:03,838 INFO o.a.j.t.JMeterThread: Thread finished: Thread Group 1-1
2021-07-17 22:11:03,838 INFO o.a.j.e.StandardJMeterEngine: Notifying test listeners of end of test
2021-07-17 22:11:03,838 INFO o.a.j.g.u.JMeterMenuBar: setRunning(false, *local*)
2021-07-17 22:11:25,492 INFO o.a.j.e.StandardJMeterEngine: Running the test!
2021-07-17 22:11:25,492 INFO o.a.j.s.SampleEvent: List of sample_variables: []
2021-07-17 22:11:25,493 INFO o.a.j.g.u.JMeterMenuBar: setRunning(true, *local*)
2021-07-17 22:11:25,544 INFO o.a.j.e.StandardJMeterEngine: Starting ThreadGroup: 1 : Thread Group
2021-07-17 22:11:25,544 INFO o.a.j.e.StandardJMeterEngine: Starting 1 threads for group Thread Group.
2021-07-17 22:11:25,544 INFO o.a.j.e.StandardJMeterEngine: Thread will continue on error
2021-07-17 22:11:25,544 INFO o.a.j.t.ThreadGroup: Starting thread group... number=1 threads=1 ramp-up=1 delayedStart=false
2021-07-17 22:11:25,544 INFO o.a.j.t.ThreadGroup: Started thread group number 1
2021-07-17 22:11:25,544 INFO o.a.j.e.StandardJMeterEngine: All thread groups have been started
2021-07-17 22:11:25,545 INFO o.a.j.t.JMeterThread: Thread started: Thread Group 1-1
2021-07-17 22:11:46,066 INFO o.a.j.t.JMeterThread: Thread is done: Thread Group 1-1
2021-07-17 22:11:46,066 INFO o.a.j.t.JMeterThread: Thread finished: Thread Group 1-1
2021-07-17 22:11:46,066 INFO o.a.j.e.StandardJMeterEngine: Notifying test listeners of end of test
2021-07-17 22:11:46,066 INFO o.a.j.g.u.JMeterMenuBar: setRunning(false, *local*)
2021-07-17 22:12:08,275 INFO o.a.j.e.StandardJMeterEngine: Running the test!
2021-07-17 22:12:08,276 INFO o.a.j.s.SampleEvent: List of sample_variables: []
2021-07-17 22:12:08,276 INFO o.a.j.g.u.JMeterMenuBar: setRunning(true, *local*)
2021-07-17 22:12:08,279 INFO o.a.j.e.StandardJMeterEngine: Starting ThreadGroup: 1 : Thread Group
2021-07-17 22:12:08,279 INFO o.a.j.e.StandardJMeterEngine: Starting 1 threads for group Thread Group.
2021-07-17 22:12:08,279 INFO o.a.j.e.StandardJMeterEngine: Thread will continue on error
2021-07-17 22:12:08,279 INFO o.a.j.t.ThreadGroup: Starting thread group... number=1 threads=1 ramp-up=1 delayedStart=false
2021-07-17 22:12:08,279 INFO o.a.j.t.ThreadGroup: Started thread group number 1
2021-07-17 22:12:08,279 INFO o.a.j.e.StandardJMeterEngine: All thread groups have been started
2021-07-17 22:12:08,280 INFO o.a.j.t.JMeterThread: Thread started: Thread Group 1-1
2021-07-17 22:13:04,403 INFO o.a.j.t.JMeterThread: Thread is done: Thread Group 1-1
2021-07-17 22:13:04,404 INFO o.a.j.t.JMeterThread: Thread finished: Thread Group 1-1
2021-07-17 22:13:04,404 INFO o.a.j.e.StandardJMeterEngine: Notifying test listeners of end of test
2021-07-17 22:13:04,404 INFO o.a.j.g.u.JMeterMenuBar: setRunning(false, *local*)
2021-07-17 22:13:15,648 INFO o.a.j.e.StandardJMeterEngine: Running the test!
2021-07-17 22:13:15,649 INFO o.a.j.s.SampleEvent: List of sample_variables: []
2021-07-17 22:13:15,649 INFO o.a.j.g.u.JMeterMenuBar: setRunning(true, *local*)
2021-07-17 22:13:15,651 INFO o.a.j.e.StandardJMeterEngine: Starting ThreadGroup: 1 : Thread Group
2021-07-17 22:13:15,652 INFO o.a.j.e.StandardJMeterEngine: Starting 1 threads for group Thread Group.
2021-07-17 22:13:15,652 INFO o.a.j.e.StandardJMeterEngine: Thread will continue on error
2021-07-17 22:13:15,652 INFO o.a.j.t.ThreadGroup: Starting thread group... number=1 threads=1 ramp-up=1 delayedStart=false
2021-07-17 22:13:15,652 INFO o.a.j.t.ThreadGroup: Started thread group number 1
2021-07-17 22:13:15,652 INFO o.a.j.e.StandardJMeterEngine: All thread groups have been started
2021-07-17 22:13:15,652 INFO o.a.j.t.JMeterThread: Thread started: Thread Group 1-1
2021-07-17 22:13:34,744 INFO o.a.j.t.JMeterThread: Thread is done: Thread Group 1-1
2021-07-17 22:13:34,745 INFO o.a.j.t.JMeterThread: Thread finished: Thread Group 1-1
2021-07-17 22:13:34,745 INFO o.a.j.e.StandardJMeterEngine: Notifying test listeners of end of test
2021-07-17 22:13:34,745 INFO o.a.j.g.u.JMeterMenuBar: setRunning(false, *local*)
2021-07-17 22:13:49,574 INFO o.a.j.e.StandardJMeterEngine: Running the test!
2021-07-17 22:13:49,574 INFO o.a.j.s.SampleEvent: List of sample_variables: []
2021-07-17 22:13:49,574 INFO o.a.j.g.u.JMeterMenuBar: setRunning(true, *local*)
2021-07-17 22:13:49,622 INFO o.a.j.e.StandardJMeterEngine: Starting ThreadGroup: 1 : Thread Group
2021-07-17 22:13:49,622 INFO o.a.j.e.StandardJMeterEngine: Starting 1 threads for group Thread Group.
2021-07-17 22:13:49,622 INFO o.a.j.e.StandardJMeterEngine: Thread will continue on error
2021-07-17 22:13:49,622 INFO o.a.j.t.ThreadGroup: Starting thread group... number=1 threads=1 ramp-up=1 delayedStart=false
2021-07-17 22:13:49,622 INFO o.a.j.t.ThreadGroup: Started thread group number 1
2021-07-17 22:13:49,622 INFO o.a.j.e.StandardJMeterEngine: All thread groups have been started
2021-07-17 22:13:49,623 INFO o.a.j.t.JMeterThread: Thread started: Thread Group 1-1
2021-07-17 22:14:02,519 INFO o.a.j.t.JMeterThread: Thread is done: Thread Group 1-1
2021-07-17 22:14:02,519 INFO o.a.j.t.JMeterThread: Thread finished: Thread Group 1-1
2021-07-17 22:14:02,519 INFO o.a.j.e.StandardJMeterEngine: Notifying test listeners of end of test
2021-07-17 22:14:02,519 INFO o.a.j.g.u.JMeterMenuBar: setRunning(false, *local*)
2021-07-17 22:15:50,976 INFO o.a.j.e.StandardJMeterEngine: Running the test!
2021-07-17 22:15:50,977 INFO o.a.j.s.SampleEvent: List of sample_variables: []
2021-07-17 22:15:50,978 INFO o.a.j.g.u.JMeterMenuBar: setRunning(true, *local*)
2021-07-17 22:15:50,982 INFO o.a.j.e.StandardJMeterEngine: Starting ThreadGroup: 1 : Thread Group
2021-07-17 22:15:50,983 INFO o.a.j.e.StandardJMeterEngine: Starting 1 threads for group Thread Group.
2021-07-17 22:15:50,983 INFO o.a.j.e.StandardJMeterEngine: Thread will continue on error
2021-07-17 22:15:50,983 INFO o.a.j.t.ThreadGroup: Starting thread group... number=1 threads=1 ramp-up=1 delayedStart=false
2021-07-17 22:15:50,984 INFO o.a.j.t.ThreadGroup: Started thread group number 1
2021-07-17 22:15:50,984 INFO o.a.j.e.StandardJMeterEngine: All thread groups have been started
2021-07-17 22:15:50,984 INFO o.a.j.t.JMeterThread: Thread started: Thread Group 1-1
2021-07-17 22:23:35,193 INFO o.a.j.t.JMeterThread: Thread is done: Thread Group 1-1
2021-07-17 22:23:35,193 INFO o.a.j.t.JMeterThread: Thread finished: Thread Group 1-1
2021-07-17 22:23:35,193 INFO o.a.j.e.StandardJMeterEngine: Notifying test listeners of end of test
2021-07-17 22:23:35,193 INFO o.a.j.g.u.JMeterMenuBar: setRunning(false, *local*)
2021-07-17 22:23:41,543 INFO o.a.j.e.StandardJMeterEngine: Running the test!
2021-07-17 22:23:41,544 INFO o.a.j.s.SampleEvent: List of sample_variables: []
2021-07-17 22:23:41,545 INFO o.a.j.g.u.JMeterMenuBar: setRunning(true, *local*)
2021-07-17 22:23:41,603 INFO o.a.j.e.StandardJMeterEngine: Starting ThreadGroup: 1 : Thread Group
2021-07-17 22:23:41,603 INFO o.a.j.e.StandardJMeterEngine: Starting 1 threads for group Thread Group.
2021-07-17 22:23:41,603 INFO o.a.j.e.StandardJMeterEngine: Thread will continue on error
2021-07-17 22:23:41,603 INFO o.a.j.t.ThreadGroup: Starting thread group... number=1 threads=1 ramp-up=1 delayedStart=false
2021-07-17 22:23:41,603 INFO o.a.j.t.ThreadGroup: Started thread group number 1
2021-07-17 22:23:41,603 INFO o.a.j.e.StandardJMeterEngine: All thread groups have been started
2021-07-17 22:23:41,603 INFO o.a.j.t.JMeterThread: Thread started: Thread Group 1-1
2021-07-17 22:24:12,512 INFO o.a.j.t.JMeterThread: Thread is done: Thread Group 1-1
2021-07-17 22:24:12,512 INFO o.a.j.t.JMeterThread: Thread finished: Thread Group 1-1
2021-07-17 22:24:12,512 INFO o.a.j.e.StandardJMeterEngine: Notifying test listeners of end of test
2021-07-17 22:24:12,512 INFO o.a.j.g.u.JMeterMenuBar: setRunning(false, *local*)
2021-07-17 22:25:11,204 INFO o.a.j.e.StandardJMeterEngine: Running the test!
2021-07-17 22:25:11,204 INFO o.a.j.s.SampleEvent: List of sample_variables: []
2021-07-17 22:25:11,205 INFO o.a.j.g.u.JMeterMenuBar: setRunning(true, *local*)
2021-07-17 22:25:11,253 INFO o.a.j.e.StandardJMeterEngine: Starting ThreadGroup: 1 : Thread Group
2021-07-17 22:25:11,253 INFO o.a.j.e.StandardJMeterEngine: Starting 1 threads for group Thread Group.
2021-07-17 22:25:11,253 INFO o.a.j.e.StandardJMeterEngine: Thread will continue on error
2021-07-17 22:25:11,253 INFO o.a.j.t.ThreadGroup: Starting thread group... number=1 threads=1 ramp-up=1 delayedStart=false
2021-07-17 22:25:11,254 INFO o.a.j.t.ThreadGroup: Started thread group number 1
2021-07-17 22:25:11,254 INFO o.a.j.e.StandardJMeterEngine: All thread groups have been started
2021-07-17 22:25:11,254 INFO o.a.j.t.JMeterThread: Thread started: Thread Group 1-1
2021-07-17 22:26:02,508 INFO o.a.j.t.JMeterThread: Thread is done: Thread Group 1-1
2021-07-17 22:26:02,508 INFO o.a.j.t.JMeterThread: Thread finished: Thread Group 1-1
2021-07-17 22:26:02,508 INFO o.a.j.e.StandardJMeterEngine: Notifying test listeners of end of test
2021-07-17 22:26:02,508 INFO o.a.j.g.u.JMeterMenuBar: setRunning(false, *local*)
2021-07-17 22:28:58,659 INFO o.a.j.e.StandardJMeterEngine: Running the test!
2021-07-17 22:28:58,659 INFO o.a.j.s.SampleEvent: List of sample_variables: []
2021-07-17 22:28:58,659 INFO o.a.j.g.u.JMeterMenuBar: setRunning(true, *local*)
2021-07-17 22:28:58,662 INFO o.a.j.e.StandardJMeterEngine: Starting ThreadGroup: 1 : Thread Group
2021-07-17 22:28:58,663 INFO o.a.j.e.StandardJMeterEngine: Starting 1 threads for group Thread Group.
2021-07-17 22:28:58,663 INFO o.a.j.e.StandardJMeterEngine: Thread will continue on error
2021-07-17 22:28:58,663 INFO o.a.j.t.ThreadGroup: Starting thread group... number=1 threads=1 ramp-up=1 delayedStart=false
2021-07-17 22:28:58,663 INFO o.a.j.t.ThreadGroup: Started thread group number 1
2021-07-17 22:28:58,663 INFO o.a.j.e.StandardJMeterEngine: All thread groups have been started
2021-07-17 22:28:58,663 INFO o.a.j.t.JMeterThread: Thread started: Thread Group 1-1
2021-07-17 22:30:13,075 INFO o.a.j.t.JMeterThread: Thread is done: Thread Group 1-1
2021-07-17 22:30:13,076 INFO o.a.j.t.JMeterThread: Thread finished: Thread Group 1-1
2021-07-17 22:30:13,076 INFO o.a.j.e.StandardJMeterEngine: Notifying test listeners of end of test
2021-07-17 22:30:13,076 INFO o.a.j.g.u.JMeterMenuBar: setRunning(false, *local*)
2021-07-17 22:30:43,410 INFO o.a.j.e.StandardJMeterEngine: Running the test!
2021-07-17 22:30:43,410 INFO o.a.j.s.SampleEvent: List of sample_variables: []
2021-07-17 22:30:43,410 INFO o.a.j.g.u.JMeterMenuBar: setRunning(true, *local*)
2021-07-17 22:30:43,462 INFO o.a.j.e.StandardJMeterEngine: Starting ThreadGroup: 1 : Thread Group
2021-07-17 22:30:43,462 INFO o.a.j.e.StandardJMeterEngine: Starting 1 threads for group Thread Group.
2021-07-17 22:30:43,462 INFO o.a.j.e.StandardJMeterEngine: Thread will continue on error
2021-07-17 22:30:43,462 INFO o.a.j.t.ThreadGroup: Starting thread group... number=1 threads=1 ramp-up=1 delayedStart=false
2021-07-17 22:30:43,463 INFO o.a.j.t.ThreadGroup: Started thread group number 1
2021-07-17 22:30:43,463 INFO o.a.j.e.StandardJMeterEngine: All thread groups have been started
2021-07-17 22:30:43,463 INFO o.a.j.t.JMeterThread: Thread started: Thread Group 1-1
2021-07-17 22:31:33,237 INFO o.a.j.t.JMeterThread: Thread is done: Thread Group 1-1
2021-07-17 22:31:33,237 INFO o.a.j.t.JMeterThread: Thread finished: Thread Group 1-1
2021-07-17 22:31:33,237 INFO o.a.j.e.StandardJMeterEngine: Notifying test listeners of end of test
2021-07-17 22:31:33,237 INFO o.a.j.g.u.JMeterMenuBar: setRunning(false, *local*)
2021-07-17 22:33:53,938 INFO o.a.j.e.StandardJMeterEngine: Running the test!
2021-07-17 22:33:53,938 INFO o.a.j.s.SampleEvent: List of sample_variables: []
2021-07-17 22:33:53,939 INFO o.a.j.g.u.JMeterMenuBar: setRunning(true, *local*)
2021-07-17 22:33:53,998 INFO o.a.j.e.StandardJMeterEngine: Starting ThreadGroup: 1 : Thread Group
2021-07-17 22:33:53,998 INFO o.a.j.e.StandardJMeterEngine: Starting 1 threads for group Thread Group.
2021-07-17 22:33:53,998 INFO o.a.j.e.StandardJMeterEngine: Thread will continue on error
2021-07-17 22:33:53,998 INFO o.a.j.t.ThreadGroup: Starting thread group... number=1 threads=1 ramp-up=1 delayedStart=false
2021-07-17 22:33:53,999 INFO o.a.j.t.ThreadGroup: Started thread group number 1
2021-07-17 22:33:53,999 INFO o.a.j.e.StandardJMeterEngine: All thread groups have been started
2021-07-17 22:33:53,999 INFO o.a.j.t.JMeterThread: Thread started: Thread Group 1-1
2021-07-17 22:39:50,423 INFO o.a.j.t.JMeterThread: Thread is done: Thread Group 1-1
2021-07-17 22:39:50,424 INFO o.a.j.t.JMeterThread: Thread finished: Thread Group 1-1
2021-07-17 22:39:50,424 INFO o.a.j.e.StandardJMeterEngine: Notifying test listeners of end of test
2021-07-17 22:39:50,424 INFO o.a.j.g.u.JMeterMenuBar: setRunning(false, *local*)
2021-07-17 22:43:29,766 INFO o.a.j.u.JMeterUtils: Setting Locale to zh_CN
